<?xml version="1.0" encoding="UTF-8"?>
<!-- Generated by org.testng.reporters.JUnitReportReporter -->
<testsuite hostname="MREDDY-BLRM19" failures="0" tests="1" name="test.TestNG_Demo2" time="7.220" errors="0" timestamp="2020-04-27T15:52:02 IST" skipped="0">
  <testcase classname="test.TestNG_Demo2" name="googleSearch3" time="7.220"/>
  <system-out/>
</testsuite> <!-- test.TestNG_Demo2 -->
