<?xml version="1.0" encoding="UTF-8"?>
<!-- Generated by org.testng.reporters.JUnitReportReporter -->
<testsuite hostname="MREDDY-BLRM19" failures="0" tests="3" name="demo.TestNGDependencyDemo" time="0.008" errors="0" timestamp="2020-04-29T10:45:52 IST" skipped="0">
  <testcase classname="demo.TestNGDependencyDemo" name="test3" time="0.001"/>
  <system-out/>
  <testcase classname="demo.TestNGDependencyDemo" name="test1" time="0.001"/>
  <system-out/>
  <testcase classname="demo.TestNGDependencyDemo" name="test2" time="0.006"/>
  <system-out/>
</testsuite> <!-- demo.TestNGDependencyDemo -->
