<?xml version="1.0" encoding="UTF-8"?>
<!-- Generated by org.testng.reporters.JUnitReportReporter -->
<testsuite hostname="MREDDY-BLRM19" failures="0" tests="1" name="demo.TestNGParametersDemo" time="0.006" errors="0" timestamp="2020-04-28T16:59:22 IST" skipped="0">
  <testcase classname="demo.TestNGParametersDemo" name="test" time="0.006"/>
  <system-out/>
</testsuite> <!-- demo.TestNGParametersDemo -->
