<?xml version="1.0" encoding="UTF-8"?>
<!-- Generated by org.testng.reporters.JUnitReportReporter -->
<testsuite hostname="MREDDY-BLRM19" failures="0" tests="2" name="test.ExtentReportsDemoWithTestNg" time="5.854" errors="0" timestamp="2020-04-27T15:27:24 IST" skipped="0">
  <testcase classname="test.ExtentReportsDemoWithTestNg" name="test2" time="0.002"/>
  <system-out/>
  <testcase classname="test.ExtentReportsDemoWithTestNg" name="test1" time="5.852"/>
  <system-out/>
</testsuite> <!-- test.ExtentReportsDemoWithTestNg -->
