<?xml version="1.0" encoding="UTF-8"?>
<!-- Generated by org.testng.reporters.JUnitReportReporter -->
<testsuite hostname="MREDDY-BLRM19" failures="0" tests="1" name="demo.Test1" time="12.690" errors="0" timestamp="2020-04-29T11:43:00 IST" skipped="0">
  <testcase classname="demo.Test1" name="test1" time="12.690"/>
  <system-out/>
</testsuite> <!-- demo.Test1 -->
