<?xml version="1.0" encoding="UTF-8"?>
<!-- Generated by org.testng.reporters.JUnitReportReporter -->
<testsuite hostname="MREDDY-BLRM19" failures="0" tests="3" name="demo.TestNGPriorityDemo" time="0.009" errors="0" timestamp="2020-04-28T14:19:33 IST" skipped="0">
  <testcase classname="demo.TestNGPriorityDemo" name="one" time="0.007"/>
  <system-out/>
  <testcase classname="demo.TestNGPriorityDemo" name="three" time="0.001"/>
  <system-out/>
  <testcase classname="demo.TestNGPriorityDemo" name="two" time="0.001"/>
  <system-out/>
</testsuite> <!-- demo.TestNGPriorityDemo -->
