<?xml version="1.0" encoding="UTF-8"?>
<!-- Generated by org.testng.reporters.JUnitReportReporter -->
<testsuite hostname="MREDDY-BLRM19" failures="0" tests="3" name="utils.ExcelDataProvider" time="12.871" errors="0" timestamp="2020-04-28T11:08:39 IST" skipped="0">
  <testcase classname="utils.ExcelDataProvider" name="test1" time="6.577"/>
  <system-out/>
  <testcase classname="utils.ExcelDataProvider" name="test1" time="3.137"/>
  <system-out/>
  <testcase classname="utils.ExcelDataProvider" name="test1" time="3.157"/>
  <system-out/>
</testsuite> <!-- utils.ExcelDataProvider -->
