<?xml version="1.0" encoding="UTF-8"?>
<!-- Generated by org.testng.reporters.JUnitReportReporter -->
<testsuite hostname="MREDDY-BLRM19" failures="0" tests="1" name="test.TestNG_Demo" time="5.639" errors="0" timestamp="2020-04-27T17:54:44 IST" skipped="0">
  <testcase classname="test.TestNG_Demo" name="googleSearch" time="5.639"/>
  <system-out/>
</testsuite> <!-- test.TestNG_Demo -->
